C51 COMPILER V9.60.7.0   MAIN                                                              03/20/2023 21:02:38 PAGE 1   


C51 COMPILER V9.60.7.0, COMPILATION OF MODULE MAIN
OBJECT MODULE PLACED IN .\Objects\main.obj
COMPILER INVOKED BY: C:\Keil_v5\C51\BIN\C51.EXE main.c OPTIMIZE(8,SPEED) BROWSE DEBUG OBJECTEXTEND PRINT(.\Listings\main
                    -.lst) TABS(2) OBJECT(.\Objects\main.obj)

line level    source

   1          #include"reg51.h"
   2          #include"18B20.h"
   3          #include"LCD1602.h"
   4          
   5          sbit add = P2^4;
   6          sbit minus = P2^5;
   7          sbit mode = P2^6;
   8          sbit LED = P2^7;
   9          
  10          float T,Set_T=0.0;
  11          unsigned char strT[]={'T',':',' ','0','0','.','0','\0'}; // 十位个位小数分别对应 3，4，6
  12          unsigned char strST[]={'S','e','t','_','T',':',' ','0','0','.','0','\0'}; // 十位个位小数分别对应7 ，8，10
  13          unsigned char keymode = 0,flag=0;
  14          
  15          void scan_T()
  16          {
  17   1        int x;
  18   1            
  19   1        if((ReadTemperature_s() & 0x800) == 0)
  20   1        {
  21   2          T = ReadTemperature_s() * 0.0625;
  22   2          strT[2] = '+';
  23   2        }
  24   1        else
  25   1        {
  26   2          T = (~(ReadTemperature_s())+1) * 0.0625;
  27   2          strT[2] = '-';
  28   2        }
  29   1        x = T*10;
  30   1        strT[3] = x / 100 + '0';
  31   1        strT[4] = (x/10) % 10 + '0';
  32   1        strT[6] = x % 10 + '0';
  33   1      }
  34          
  35          void key()
  36          {
  37   1        int x;
  38   1        
  39   1        if(add == 0)
  40   1        {
  41   2          switch(keymode)
  42   2          {
  43   3            case 0:
  44   3              Set_T+=0.1;
  45   3            break;
  46   3            case 1:
  47   3              Set_T+=1.0;
  48   3            break;
  49   3            case 2:
  50   3              Set_T+=10.0;
  51   3            break;      
  52   3          }
  53   2        }
  54   1        if(minus == 0)
C51 COMPILER V9.60.7.0   MAIN                                                              03/20/2023 21:02:38 PAGE 2   

  55   1        {
  56   2          switch(keymode)
  57   2          {
  58   3            case 0:
  59   3              Set_T-=0.1;
  60   3            break;
  61   3            case 1:
  62   3              Set_T-=1.0;
  63   3            break;
  64   3            case 2:
  65   3              Set_T-=10.0;
  66   3            break;      
  67   3          } 
  68   2        }
  69   1        
  70   1        if(mode == 0 && flag == 0)flag = 1;
  71   1        if(flag == 1 && mode == 1)keymode=(keymode+1)%3,flag = 0;
  72   1        
  73   1        if(Set_T > 0)
  74   1        {
  75   2          strST[6] = '+';
  76   2            x = Set_T*10;
  77   2        }
  78   1        else
  79   1        {
  80   2          strST[6] = '-'; 
  81   2          x = Set_T *-10;
  82   2        }
  83   1      
  84   1        strST[7] = x / 100 + '0';
  85   1        strST[8] = (x/10) % 10 + '0';
  86   1        strST[10] = x % 10 + '0'; 
  87   1      }
  88          
  89          void main()
  90          {
  91   1        LcdInit();
  92   1        while(1)
  93   1        {
  94   2          key();
  95   2          scan_T();
  96   2          display(0,5,strT);
  97   2          display(1,1,strST);
  98   2          if(T<Set_T)LED = 0;
  99   2          else LED = 1;
 100   2        }
 101   1      }


MODULE INFORMATION:   STATIC OVERLAYABLE
   CODE SIZE        =    529    ----
   CONSTANT SIZE    =   ----    ----
   XDATA SIZE       =   ----    ----
   PDATA SIZE       =   ----    ----
   DATA SIZE        =     38       2
   IDATA SIZE       =   ----    ----
   BIT SIZE         =   ----    ----
END OF MODULE INFORMATION.


C51 COMPILATION COMPLETE.  0 WARNING(S),  0 ERROR(S)
